<?xml version="1.0" encoding="UTF-8"?>
<testng-results ignored="0" total="10" passed="10" failed="0" skipped="0">
  <reporter-output>
  </reporter-output>
  <suite started-at="2022-03-15T19:15:06Z" name="Default suite" finished-at="2022-03-15T19:15:06Z" duration-ms="601">
    <groups>
      <group name="cucumber">
        <method signature="AbstractTestNGCucumberTests.runScenario(io.cucumber.testng.PickleWrapper, io.cucumber.testng.FeatureWrapper)[pri:0, instance:com.runner.MyRunner@1b8a29df]" name="runScenario" class="io.cucumber.testng.AbstractTestNGCucumberTests"/>
      </group> <!-- cucumber -->
    </groups>
    <test started-at="2022-03-15T19:15:06Z" name="Default test" finished-at="2022-03-15T19:15:06Z" duration-ms="601">
      <class name="com.runner.MyRunner">
        <test-method is-config="true" signature="setUpClass()[pri:0, instance:com.runner.MyRunner@1b8a29df]" started-at="2022-03-15T19:15:06Z" name="setUpClass" finished-at="2022-03-15T19:15:06Z" duration-ms="304" status="PASS">
          <reporter-output>
          </reporter-output>
        </test-method> <!-- setUpClass -->
        <test-method signature="runScenario(io.cucumber.testng.PickleWrapper, io.cucumber.testng.FeatureWrapper)[pri:0, instance:com.runner.MyRunner@1b8a29df]" started-at="2022-03-15T19:15:06Z" name="runScenario" description="Runs Cucumber Scenarios" data-provider="scenarios" finished-at="2022-03-15T19:15:06Z" duration-ms="157" status="PASS">
          <params>
            <param index="0">
              <value>
                <![CDATA["User login with valid username and verify page title"]]>
              </value>
            </param>
            <param index="1">
              <value>
                <![CDATA["Optional[User is able to login with valid username & password]"]]>
              </value>
            </param>
          </params>
          <reporter-output>
          </reporter-output>
        </test-method> <!-- runScenario -->
        <test-method signature="runScenario(io.cucumber.testng.PickleWrapper, io.cucumber.testng.FeatureWrapper)[pri:0, instance:com.runner.MyRunner@1b8a29df]" started-at="2022-03-15T19:15:06Z" name="runScenario" description="Runs Cucumber Scenarios" data-provider="scenarios" finished-at="2022-03-15T19:15:06Z" duration-ms="4" status="PASS">
          <params>
            <param index="0">
              <value>
                <![CDATA["User login with valid username and verify page title"]]>
              </value>
            </param>
            <param index="1">
              <value>
                <![CDATA["Optional[User is able to login with valid username & password]"]]>
              </value>
            </param>
          </params>
          <reporter-output>
          </reporter-output>
        </test-method> <!-- runScenario -->
        <test-method signature="runScenario(io.cucumber.testng.PickleWrapper, io.cucumber.testng.FeatureWrapper)[pri:0, instance:com.runner.MyRunner@1b8a29df]" started-at="2022-03-15T19:15:06Z" name="runScenario" description="Runs Cucumber Scenarios" data-provider="scenarios" finished-at="2022-03-15T19:15:06Z" duration-ms="4" status="PASS">
          <params>
            <param index="0">
              <value>
                <![CDATA["User login with valid username and verify page title"]]>
              </value>
            </param>
            <param index="1">
              <value>
                <![CDATA["Optional[User is able to login with valid username & password]"]]>
              </value>
            </param>
          </params>
          <reporter-output>
          </reporter-output>
        </test-method> <!-- runScenario -->
        <test-method signature="runScenario(io.cucumber.testng.PickleWrapper, io.cucumber.testng.FeatureWrapper)[pri:0, instance:com.runner.MyRunner@1b8a29df]" started-at="2022-03-15T19:15:06Z" name="runScenario" description="Runs Cucumber Scenarios" data-provider="scenarios" finished-at="2022-03-15T19:15:06Z" duration-ms="4" status="PASS">
          <params>
            <param index="0">
              <value>
                <![CDATA["User login with valid username and verify page title"]]>
              </value>
            </param>
            <param index="1">
              <value>
                <![CDATA["Optional[User is able to login with valid username & password]"]]>
              </value>
            </param>
          </params>
          <reporter-output>
          </reporter-output>
        </test-method> <!-- runScenario -->
        <test-method signature="runScenario(io.cucumber.testng.PickleWrapper, io.cucumber.testng.FeatureWrapper)[pri:0, instance:com.runner.MyRunner@1b8a29df]" started-at="2022-03-15T19:15:06Z" name="runScenario" description="Runs Cucumber Scenarios" data-provider="scenarios" finished-at="2022-03-15T19:15:06Z" duration-ms="3" status="PASS">
          <params>
            <param index="0">
              <value>
                <![CDATA["User login with valid username and verify page title"]]>
              </value>
            </param>
            <param index="1">
              <value>
                <![CDATA["Optional[User is able to login with valid username & password]"]]>
              </value>
            </param>
          </params>
          <reporter-output>
          </reporter-output>
        </test-method> <!-- runScenario -->
        <test-method signature="runScenario(io.cucumber.testng.PickleWrapper, io.cucumber.testng.FeatureWrapper)[pri:0, instance:com.runner.MyRunner@1b8a29df]" started-at="2022-03-15T19:15:06Z" name="runScenario" description="Runs Cucumber Scenarios" data-provider="scenarios" finished-at="2022-03-15T19:15:06Z" duration-ms="4" status="PASS">
          <params>
            <param index="0">
              <value>
                <![CDATA["User login with valid username and verify page title"]]>
              </value>
            </param>
            <param index="1">
              <value>
                <![CDATA["Optional[User is able to login with valid username & password]"]]>
              </value>
            </param>
          </params>
          <reporter-output>
          </reporter-output>
        </test-method> <!-- runScenario -->
        <test-method signature="runScenario(io.cucumber.testng.PickleWrapper, io.cucumber.testng.FeatureWrapper)[pri:0, instance:com.runner.MyRunner@1b8a29df]" started-at="2022-03-15T19:15:06Z" name="runScenario" description="Runs Cucumber Scenarios" data-provider="scenarios" finished-at="2022-03-15T19:15:06Z" duration-ms="4" status="PASS">
          <params>
            <param index="0">
              <value>
                <![CDATA["User login with valid username and verify page title"]]>
              </value>
            </param>
            <param index="1">
              <value>
                <![CDATA["Optional[User is able to login with valid username & password]"]]>
              </value>
            </param>
          </params>
          <reporter-output>
          </reporter-output>
        </test-method> <!-- runScenario -->
        <test-method signature="runScenario(io.cucumber.testng.PickleWrapper, io.cucumber.testng.FeatureWrapper)[pri:0, instance:com.runner.MyRunner@1b8a29df]" started-at="2022-03-15T19:15:06Z" name="runScenario" description="Runs Cucumber Scenarios" data-provider="scenarios" finished-at="2022-03-15T19:15:06Z" duration-ms="2" status="PASS">
          <params>
            <param index="0">
              <value>
                <![CDATA["User login with valid username and verify page title"]]>
              </value>
            </param>
            <param index="1">
              <value>
                <![CDATA["Optional[User is able to login with valid username & password]"]]>
              </value>
            </param>
          </params>
          <reporter-output>
          </reporter-output>
        </test-method> <!-- runScenario -->
        <test-method signature="runScenario(io.cucumber.testng.PickleWrapper, io.cucumber.testng.FeatureWrapper)[pri:0, instance:com.runner.MyRunner@1b8a29df]" started-at="2022-03-15T19:15:06Z" name="runScenario" description="Runs Cucumber Scenarios" data-provider="scenarios" finished-at="2022-03-15T19:15:06Z" duration-ms="2" status="PASS">
          <params>
            <param index="0">
              <value>
                <![CDATA["User login with valid username and verify page title"]]>
              </value>
            </param>
            <param index="1">
              <value>
                <![CDATA["Optional[User is able to login with valid username & password]"]]>
              </value>
            </param>
          </params>
          <reporter-output>
          </reporter-output>
        </test-method> <!-- runScenario -->
        <test-method signature="runScenario(io.cucumber.testng.PickleWrapper, io.cucumber.testng.FeatureWrapper)[pri:0, instance:com.runner.MyRunner@1b8a29df]" started-at="2022-03-15T19:15:06Z" name="runScenario" description="Runs Cucumber Scenarios" data-provider="scenarios" finished-at="2022-03-15T19:15:06Z" duration-ms="2" status="PASS">
          <params>
            <param index="0">
              <value>
                <![CDATA["User login with valid username and verify page title"]]>
              </value>
            </param>
            <param index="1">
              <value>
                <![CDATA["Optional[User is able to login with valid username & password]"]]>
              </value>
            </param>
          </params>
          <reporter-output>
          </reporter-output>
        </test-method> <!-- runScenario -->
        <test-method is-config="true" signature="tearDownClass()[pri:0, instance:com.runner.MyRunner@1b8a29df]" started-at="2022-03-15T19:15:06Z" name="tearDownClass" finished-at="2022-03-15T19:15:06Z" duration-ms="78" status="PASS">
          <reporter-output>
          </reporter-output>
        </test-method> <!-- tearDownClass -->
      </class> <!-- com.runner.MyRunner -->
    </test> <!-- Default test -->
  </suite> <!-- Default suite -->
</testng-results>
